<?xml version="1.0" encoding="UTF-8"?>
<testsuite name="kr.co.project.eat.domain.RestaurantTests" tests="2" skipped="0" failures="0" errors="0" timestamp="2021-02-05T08:49:41" hostname="lyudongjaeui-MacBookPro.local" time="0.029">
  <properties/>
  <testcase name="creation()" classname="kr.co.project.eat.domain.RestaurantTests" time="0.019"/>
  <testcase name="information()" classname="kr.co.project.eat.domain.RestaurantTests" time="0.009"/>
  <system-out><![CDATA[]]></system-out>
  <system-err><![CDATA[]]></system-err>
</testsuite>
