<?xml version="1.0" encoding="UTF-8"?>
<testsuite name="kr.co.project.eat.domain.RestaurantTests" tests="1" skipped="0" failures="0" errors="0" timestamp="2021-02-05T08:11:38" hostname="lyudongjaeui-MacBookPro.local" time="0.031">
  <properties/>
  <testcase name="information()" classname="kr.co.project.eat.domain.RestaurantTests" time="0.031"/>
  <system-out><![CDATA[]]></system-out>
  <system-err><![CDATA[]]></system-err>
</testsuite>
